current directory: /Users/charliegallentine/Desktop/resume-template/_vendor/bundle/ruby/3.4.0/gems/json-2.18.0/ext/json/ext/parser
/Users/charliegallentine/.rubies/ruby-3.4.1/bin/ruby extconf.rb
checking for rb_enc_interned_str() in ruby/encoding.h... yes
checking for rb_str_to_interned_str() in ruby.h... yes
checking for rb_hash_new_capa() in ruby.h... yes
checking for rb_hash_bulk_insert() in ruby.h... yes
checking for whether -std=c99 is accepted as CFLAGS... yes
checking for x86intrin.h... yes
checking for cpuid.h... yes
creating Makefile

current directory: /Users/charliegallentine/Desktop/resume-template/_vendor/bundle/ruby/3.4.0/gems/json-2.18.0/ext/json/ext/parser
make -j11 DESTDIR\= sitearchdir\=./.gem.20260202-46681-yfvm9h sitelibdir\=./.gem.20260202-46681-yfvm9h clean

current directory: /Users/charliegallentine/Desktop/resume-template/_vendor/bundle/ruby/3.4.0/gems/json-2.18.0/ext/json/ext/parser
make -j11 DESTDIR\= sitearchdir\=./.gem.20260202-46681-yfvm9h sitelibdir\=./.gem.20260202-46681-yfvm9h
compiling parser.c
linking shared-object json/ext/parser.bundle

current directory: /Users/charliegallentine/Desktop/resume-template/_vendor/bundle/ruby/3.4.0/gems/json-2.18.0/ext/json/ext/parser
make -j11 DESTDIR\= sitearchdir\=./.gem.20260202-46681-yfvm9h sitelibdir\=./.gem.20260202-46681-yfvm9h install
/usr/local/bin/ginstall -c -m 0755 parser.bundle ./.gem.20260202-46681-yfvm9h/json/ext

current directory: /Users/charliegallentine/Desktop/resume-template/_vendor/bundle/ruby/3.4.0/gems/json-2.18.0/ext/json/ext/parser
make DESTDIR\= sitearchdir\=./.gem.20260202-46681-yfvm9h sitelibdir\=./.gem.20260202-46681-yfvm9h clean
